<?xml version="1.0" encoding="UTF-8"?>
<!-- Generated by org.testng.reporters.JUnitXMLReporter -->
<testsuite ignored="1" hostname="Mahesh" failures="0" tests="1" name="grouping" time="9.328" errors="0" timestamp="2025-10-06T07:34:10 IST">
  <testcase classname="testcases.TC_002_LoginTest" name="verify_Login" time="2.796"/>
  <testcase classname="testcases.TC001_AccountRegistrationTest" name="verify_Account_Registration" time="0.0">
    <ignored/>
  </testcase> <!-- verify_Account_Registration -->
</testsuite> <!-- grouping -->
