<?xml version="1.0" encoding="UTF-8"?>
<!-- Generated by org.testng.reporters.JUnitXMLReporter -->
<testsuite ignored="0" hostname="Mahesh" failures="0" tests="7" name="Test" time="64.926" errors="0" timestamp="2025-11-16T08:56:06 IST">
  <testcase classname="testcases.TC002_LoginTest" name="verify_Login" time="2.479"/>
  <testcase classname="testcases.TC001_AccountRegistrationTest" name="verify_Account_Registration" time="3.172"/>
  <testcase classname="testcases.TC003_LoginDDT_Test" name="verify_LoginDDT" time="3.915"/>
  <testcase classname="testcases.TC003_LoginDDT_Test" name="verify_LoginDDT" time="2.851"/>
  <testcase classname="testcases.TC003_LoginDDT_Test" name="verify_LoginDDT" time="3.701"/>
  <testcase classname="testcases.TC003_LoginDDT_Test" name="verify_LoginDDT" time="17.482"/>
  <testcase classname="testcases.TC003_LoginDDT_Test" name="verify_LoginDDT" time="15.926"/>
</testsuite> <!-- Test -->
