<?xml version="1.0" encoding="UTF-8"?>
<!-- Generated by org.testng.reporters.JUnitXMLReporter -->
<testsuite ignored="0" hostname="Mahesh" failures="0" tests="7" name="Test" time="76.865" errors="0" timestamp="2025-10-27T12:44:52 IST">
  <testcase classname="testcases.TC_002_LoginTest" name="verify_Login" time="2.606"/>
  <testcase classname="testcases.TC001_AccountRegistrationTest" name="verify_Account_Registration" time="3.336"/>
  <testcase classname="testcases.TC003_LoginDDT_Test" name="verify_LoginDDT" time="3.31"/>
  <testcase classname="testcases.TC003_LoginDDT_Test" name="verify_LoginDDT" time="2.665"/>
  <testcase classname="testcases.TC003_LoginDDT_Test" name="verify_LoginDDT" time="2.888"/>
  <testcase classname="testcases.TC003_LoginDDT_Test" name="verify_LoginDDT" time="22.136"/>
  <testcase classname="testcases.TC003_LoginDDT_Test" name="verify_LoginDDT" time="21.644"/>
</testsuite> <!-- Test -->
