<?xml version="1.0" encoding="UTF-8"?>
<!-- Generated by org.testng.reporters.JUnitXMLReporter -->
<testsuite ignored="0" hostname="Mahesh" failures="0" tests="7" name="Test" time="2.311" errors="0" timestamp="2025-11-15T08:16:58 IST">
  <testcase classname="testBase.BaseClass" name="@BeforeClass setup" time="0.047">
    <failure type="java.lang.IllegalArgumentException" message="Unsupported browser: ${browser:chrome}">
      <![CDATA[java.lang.IllegalArgumentException: Unsupported browser: ${browser:chrome}
at factory.DriverFactory.initDriver(DriverFactory.java:71)
at testBase.BaseClass.setup(BaseClass.java:48)
at java.base/java.util.ArrayList.forEach(ArrayList.java:1596)
... Removed 27 stack frames]]>
    </failure>
  </testcase> <!-- @BeforeClass setup -->
  <testcase classname="testBase.BaseClass" name="@BeforeClass setup" time="0.003">
    <failure type="java.lang.IllegalArgumentException" message="Unsupported browser: ${browser:chrome}">
      <![CDATA[java.lang.IllegalArgumentException: Unsupported browser: ${browser:chrome}
at factory.DriverFactory.initDriver(DriverFactory.java:71)
at testBase.BaseClass.setup(BaseClass.java:48)
at java.base/java.util.ArrayList.forEach(ArrayList.java:1596)
... Removed 27 stack frames]]>
    </failure>
  </testcase> <!-- @BeforeClass setup -->
  <testcase classname="testBase.BaseClass" name="@BeforeClass setup" time="0.002">
    <failure type="java.lang.IllegalArgumentException" message="Unsupported browser: ${browser:chrome}">
      <![CDATA[java.lang.IllegalArgumentException: Unsupported browser: ${browser:chrome}
at factory.DriverFactory.initDriver(DriverFactory.java:71)
at testBase.BaseClass.setup(BaseClass.java:48)
at java.base/java.util.ArrayList.forEach(ArrayList.java:1596)
... Removed 27 stack frames]]>
    </failure>
  </testcase> <!-- @BeforeClass setup -->
  <testcase classname="testcases.TC002_LoginTest" name="verify_Login" time="0.001">
    <skipped/>
  </testcase> <!-- verify_Login -->
  <testcase classname="testcases.TC001_AccountRegistrationTest" name="verify_Account_Registration" time="0.0">
    <skipped/>
  </testcase> <!-- verify_Account_Registration -->
  <testcase classname="testcases.TC003_LoginDDT_Test" name="verify_LoginDDT" time="0.0">
    <skipped/>
  </testcase> <!-- verify_LoginDDT -->
  <testcase classname="testcases.TC003_LoginDDT_Test" name="verify_LoginDDT" time="0.0">
    <skipped/>
  </testcase> <!-- verify_LoginDDT -->
  <testcase classname="testcases.TC003_LoginDDT_Test" name="verify_LoginDDT" time="0.0">
    <skipped/>
  </testcase> <!-- verify_LoginDDT -->
  <testcase classname="testcases.TC003_LoginDDT_Test" name="verify_LoginDDT" time="0.001">
    <skipped/>
  </testcase> <!-- verify_LoginDDT -->
  <testcase classname="testcases.TC003_LoginDDT_Test" name="verify_LoginDDT" time="0.001">
    <skipped/>
  </testcase> <!-- verify_LoginDDT -->
</testsuite> <!-- Test -->
