<?xml version="1.0" encoding="UTF-8"?>
<!-- Generated by org.testng.reporters.JUnitXMLReporter -->
<testsuite ignored="0" hostname="Mahesh" failures="0" tests="7" name="Test" time="75.294" errors="0" timestamp="2025-11-16T08:52:15 IST">
  <testcase classname="testcases.TC002_LoginTest" name="verify_Login" time="2.749"/>
  <testcase classname="testcases.TC001_AccountRegistrationTest" name="verify_Account_Registration" time="4.046"/>
  <testcase classname="testcases.TC003_LoginDDT_Test" name="verify_LoginDDT" time="2.613"/>
  <testcase classname="testcases.TC003_LoginDDT_Test" name="verify_LoginDDT" time="2.332"/>
  <testcase classname="testcases.TC003_LoginDDT_Test" name="verify_LoginDDT" time="3.159"/>
  <testcase classname="testcases.TC003_LoginDDT_Test" name="verify_LoginDDT" time="17.127"/>
  <testcase classname="testcases.TC003_LoginDDT_Test" name="verify_LoginDDT" time="18.064"/>
</testsuite> <!-- Test -->
