<?xml version="1.0" encoding="UTF-8"?>
<!-- Generated by org.testng.reporters.JUnitXMLReporter -->
<testsuite ignored="0" hostname="Mahesh" failures="0" tests="7" name="Test" time="126.716" errors="0" timestamp="2025-11-14T19:23:05 IST">
  <testcase classname="testcases.TC_002_LoginTest" name="verify_Login" time="1.449"/>
  <testcase classname="testcases.TC001_AccountRegistrationTest" name="verify_Account_Registration" time="9.198"/>
  <testcase classname="testcases.TC003_LoginDDT_Test" name="verify_LoginDDT" time="4.376"/>
  <testcase classname="testcases.TC003_LoginDDT_Test" name="verify_LoginDDT" time="3.237"/>
  <testcase classname="testcases.TC003_LoginDDT_Test" name="verify_LoginDDT" time="7.832"/>
  <testcase classname="testcases.TC003_LoginDDT_Test" name="verify_LoginDDT" time="16.594"/>
  <testcase classname="testcases.TC003_LoginDDT_Test" name="verify_LoginDDT" time="19.806"/>
</testsuite> <!-- Test -->
