<?xml version="1.0" encoding="UTF-8"?>
<!-- Generated by org.testng.reporters.JUnitXMLReporter -->
<testsuite ignored="0" hostname="Mahesh" failures="0" tests="7" name="Test" time="372.634" errors="0" timestamp="2025-11-14T20:56:08 IST">
  <testcase classname="testcases.TC_002_LoginTest" name="verify_Login" time="48.26"/>
  <testcase classname="testcases.TC001_AccountRegistrationTest" name="verify_Account_Registration" time="11.341"/>
  <testcase classname="testcases.TC003_LoginDDT_Test" name="verify_LoginDDT" time="10.833"/>
  <testcase classname="testcases.TC003_LoginDDT_Test" name="verify_LoginDDT" time="7.759"/>
  <testcase classname="testcases.TC003_LoginDDT_Test" name="verify_LoginDDT" time="5.51"/>
  <testcase classname="testcases.TC003_LoginDDT_Test" name="verify_LoginDDT" time="19.149"/>
  <testcase classname="testcases.TC003_LoginDDT_Test" name="verify_LoginDDT" time="18.541"/>
</testsuite> <!-- Test -->
