<?xml version="1.0" encoding="UTF-8"?>
<testng-results ignored="0" total="7" passed="7" failed="0" skipped="0">
  <reporter-output>
  </reporter-output>
  <suite started-at="2025-11-14T19:20:56 IST" name="Suite" finished-at="2025-11-14T19:23:03 IST" duration-ms="126716">
    <groups>
      <group name="Master">
        <method signature="TC001_AccountRegistrationTest.verify_Account_Registration()[pri:0, instance:testcases.TC001_AccountRegistrationTest@13ad5cd3]" name="verify_Account_Registration" class="testcases.TC001_AccountRegistrationTest"/>
        <method signature="TC_002_LoginTest.verify_Login()[pri:0, instance:testcases.TC_002_LoginTest@38089a5a]" name="verify_Login" class="testcases.TC_002_LoginTest"/>
      </group> <!-- Master -->
      <group name="Sanity">
        <method signature="TC_002_LoginTest.verify_Login()[pri:0, instance:testcases.TC_002_LoginTest@38089a5a]" name="verify_Login" class="testcases.TC_002_LoginTest"/>
      </group> <!-- Sanity -->
      <group name="Regression">
        <method signature="TC001_AccountRegistrationTest.verify_Account_Registration()[pri:0, instance:testcases.TC001_AccountRegistrationTest@13ad5cd3]" name="verify_Account_Registration" class="testcases.TC001_AccountRegistrationTest"/>
      </group> <!-- Regression -->
      <group name="Datadriven">
        <method signature="TC003_LoginDDT_Test.verify_LoginDDT(java.lang.String,java.lang.String,java.lang.String)[pri:0, instance:testcases.TC003_LoginDDT_Test@1c33c17b]" name="verify_LoginDDT" class="testcases.TC003_LoginDDT_Test"/>
      </group> <!-- Datadriven -->
    </groups>
    <test started-at="2025-11-14T19:20:56 IST" name="Test" finished-at="2025-11-14T19:23:03 IST" duration-ms="126716">
      <class name="testcases.TC001_AccountRegistrationTest">
        <test-method is-config="true" signature="setup(java.lang.String,java.lang.String)[pri:0, instance:testcases.TC001_AccountRegistrationTest@13ad5cd3]" started-at="2025-11-14T19:21:19 IST" name="setup" finished-at="2025-11-14T19:21:33 IST" duration-ms="13521" status="PASS">
          <params>
            <param index="0">
              <value>
                <![CDATA[Windows]]>
              </value>
            </param>
            <param index="1">
              <value>
                <![CDATA[chrome]]>
              </value>
            </param>
          </params>
          <reporter-output>
          </reporter-output>
        </test-method> <!-- setup -->
        <test-method signature="verify_Account_Registration()[pri:0, instance:testcases.TC001_AccountRegistrationTest@13ad5cd3]" started-at="2025-11-14T19:21:33 IST" name="verify_Account_Registration" finished-at="2025-11-14T19:21:42 IST" duration-ms="9198" status="PASS">
          <reporter-output>
          </reporter-output>
        </test-method> <!-- verify_Account_Registration -->
        <test-method is-config="true" signature="tearDown()[pri:0, instance:testcases.TC001_AccountRegistrationTest@13ad5cd3]" started-at="2025-11-14T19:21:42 IST" name="tearDown" finished-at="2025-11-14T19:21:42 IST" duration-ms="175" status="PASS">
          <reporter-output>
          </reporter-output>
        </test-method> <!-- tearDown -->
      </class> <!-- testcases.TC001_AccountRegistrationTest -->
      <class name="testcases.TC_002_LoginTest">
        <test-method is-config="true" signature="setup(java.lang.String,java.lang.String)[pri:0, instance:testcases.TC_002_LoginTest@38089a5a]" started-at="2025-11-14T19:20:57 IST" name="setup" finished-at="2025-11-14T19:21:17 IST" duration-ms="20738" status="PASS">
          <params>
            <param index="0">
              <value>
                <![CDATA[Windows]]>
              </value>
            </param>
            <param index="1">
              <value>
                <![CDATA[chrome]]>
              </value>
            </param>
          </params>
          <reporter-output>
          </reporter-output>
        </test-method> <!-- setup -->
        <test-method signature="verify_Login()[pri:0, instance:testcases.TC_002_LoginTest@38089a5a]" started-at="2025-11-14T19:21:17 IST" name="verify_Login" finished-at="2025-11-14T19:21:19 IST" duration-ms="1449" status="PASS">
          <reporter-output>
          </reporter-output>
        </test-method> <!-- verify_Login -->
        <test-method is-config="true" signature="tearDown()[pri:0, instance:testcases.TC_002_LoginTest@38089a5a]" started-at="2025-11-14T19:21:19 IST" name="tearDown" finished-at="2025-11-14T19:21:19 IST" duration-ms="135" status="PASS">
          <reporter-output>
          </reporter-output>
        </test-method> <!-- tearDown -->
      </class> <!-- testcases.TC_002_LoginTest -->
      <class name="testcases.TC003_LoginDDT_Test">
        <test-method is-config="true" signature="setup(java.lang.String,java.lang.String)[pri:0, instance:testcases.TC003_LoginDDT_Test@1c33c17b]" started-at="2025-11-14T19:21:42 IST" name="setup" finished-at="2025-11-14T19:22:09 IST" duration-ms="26803" status="PASS">
          <params>
            <param index="0">
              <value>
                <![CDATA[Windows]]>
              </value>
            </param>
            <param index="1">
              <value>
                <![CDATA[chrome]]>
              </value>
            </param>
          </params>
          <reporter-output>
          </reporter-output>
        </test-method> <!-- setup -->
        <test-method signature="verify_LoginDDT(java.lang.String,java.lang.String,java.lang.String)[pri:0, instance:testcases.TC003_LoginDDT_Test@1c33c17b]" started-at="2025-11-14T19:22:11 IST" name="verify_LoginDDT" data-provider="LoginData" finished-at="2025-11-14T19:22:16 IST" duration-ms="4376" status="PASS">
          <params>
            <param index="0">
              <value>
                <![CDATA[maheshholkar14@gmail.com]]>
              </value>
            </param>
            <param index="1">
              <value>
                <![CDATA[12345]]>
              </value>
            </param>
            <param index="2">
              <value>
                <![CDATA[Valid]]>
              </value>
            </param>
          </params>
          <reporter-output>
          </reporter-output>
        </test-method> <!-- verify_LoginDDT -->
        <test-method signature="verify_LoginDDT(java.lang.String,java.lang.String,java.lang.String)[pri:0, instance:testcases.TC003_LoginDDT_Test@1c33c17b]" started-at="2025-11-14T19:22:16 IST" name="verify_LoginDDT" data-provider="LoginData" finished-at="2025-11-14T19:22:19 IST" duration-ms="3237" status="PASS">
          <params>
            <param index="0">
              <value>
                <![CDATA[maheshpatil34@gmail.com]]>
              </value>
            </param>
            <param index="1">
              <value>
                <![CDATA[12345]]>
              </value>
            </param>
            <param index="2">
              <value>
                <![CDATA[Valid]]>
              </value>
            </param>
          </params>
          <reporter-output>
          </reporter-output>
        </test-method> <!-- verify_LoginDDT -->
        <test-method signature="verify_LoginDDT(java.lang.String,java.lang.String,java.lang.String)[pri:0, instance:testcases.TC003_LoginDDT_Test@1c33c17b]" started-at="2025-11-14T19:22:19 IST" name="verify_LoginDDT" data-provider="LoginData" finished-at="2025-11-14T19:22:27 IST" duration-ms="7832" status="PASS">
          <params>
            <param index="0">
              <value>
                <![CDATA[sangramnarale@gmail.com]]>
              </value>
            </param>
            <param index="1">
              <value>
                <![CDATA[12345]]>
              </value>
            </param>
            <param index="2">
              <value>
                <![CDATA[Valid]]>
              </value>
            </param>
          </params>
          <reporter-output>
          </reporter-output>
        </test-method> <!-- verify_LoginDDT -->
        <test-method signature="verify_LoginDDT(java.lang.String,java.lang.String,java.lang.String)[pri:0, instance:testcases.TC003_LoginDDT_Test@1c33c17b]" started-at="2025-11-14T19:22:27 IST" name="verify_LoginDDT" data-provider="LoginData" finished-at="2025-11-14T19:22:43 IST" duration-ms="16594" status="PASS">
          <params>
            <param index="0">
              <value>
                <![CDATA[labsfsdfgs434@yahoo.com]]>
              </value>
            </param>
            <param index="1">
              <value>
                <![CDATA[XFDSF@435]]>
              </value>
            </param>
            <param index="2">
              <value>
                <![CDATA[Invalid]]>
              </value>
            </param>
          </params>
          <reporter-output>
          </reporter-output>
        </test-method> <!-- verify_LoginDDT -->
        <test-method signature="verify_LoginDDT(java.lang.String,java.lang.String,java.lang.String)[pri:0, instance:testcases.TC003_LoginDDT_Test@1c33c17b]" started-at="2025-11-14T19:22:43 IST" name="verify_LoginDDT" data-provider="LoginData" finished-at="2025-11-14T19:23:03 IST" duration-ms="19806" status="PASS">
          <params>
            <param index="0">
              <value>
                <![CDATA[rw243324234324@gmdsfd.fds]]>
              </value>
            </param>
            <param index="1">
              <value>
                <![CDATA[243423]]>
              </value>
            </param>
            <param index="2">
              <value>
                <![CDATA[Invalid]]>
              </value>
            </param>
          </params>
          <reporter-output>
          </reporter-output>
        </test-method> <!-- verify_LoginDDT -->
        <test-method is-config="true" signature="tearDown()[pri:0, instance:testcases.TC003_LoginDDT_Test@1c33c17b]" started-at="2025-11-14T19:23:03 IST" name="tearDown" finished-at="2025-11-14T19:23:03 IST" duration-ms="162" status="PASS">
          <reporter-output>
          </reporter-output>
        </test-method> <!-- tearDown -->
      </class> <!-- testcases.TC003_LoginDDT_Test -->
    </test> <!-- Test -->
  </suite> <!-- Suite -->
</testng-results>
