<?xml version="1.0" encoding="UTF-8"?>
<testsuite xmlns:xsi="http://www.w3.org/2001/XMLSchema-instance" xsi:noNamespaceSchemaLocation="https://maven.apache.org/surefire/maven-surefire-plugin/xsd/surefire-test-report.xsd" version="3.0.2" name="TestSuite" time="3.267" tests="10" errors="0" skipped="7" failures="3">
  <properties>
[...]
</properties>
  <testcase name="setup[Windows, ${browser}](0)" classname="testcases.TC002_LoginTest" time="0.964">
    <failure message="Unsupported browser: ${browser}" type="java.lang.IllegalArgumentException"><![CDATA[java.lang.IllegalArgumentException: Unsupported browser: ${browser}
	at factory.DriverFactory.initDriver(DriverFactory.java:71)
	at testBase.BaseClass.setup(BaseClass.java:48)
	at java.base/jdk.internal.reflect.DirectMethodHandleAccessor.invoke(DirectMethodHandleAccessor.java:103)
	at java.base/java.lang.reflect.Method.invoke(Method.java:580)
	at org.testng.internal.invokers.MethodInvocationHelper.invokeMethod(MethodInvocationHelper.java:141)
	at org.testng.internal.invokers.MethodInvocationHelper.invokeMethodConsideringTimeout(MethodInvocationHelper.java:71)
	at org.testng.internal.invokers.ConfigInvoker.invokeConfigurationMethod(ConfigInvoker.java:400)
	at org.testng.internal.invokers.ConfigInvoker.invokeConfigurations(ConfigInvoker.java:333)
	at org.testng.internal.invokers.TestMethodWorker.invokeBeforeClassMethods(TestMethodWorker.java:188)
	at org.testng.internal.invokers.TestMethodWorker.run(TestMethodWorker.java:128)
	at java.base/java.util.ArrayList.forEach(ArrayList.java:1596)
	at org.testng.TestRunner.privateRun(TestRunner.java:741)
	at org.testng.TestRunner.run(TestRunner.java:616)
	at org.testng.SuiteRunner.runTest(SuiteRunner.java:421)
	at org.testng.SuiteRunner.runSequentially(SuiteRunner.java:413)
	at org.testng.SuiteRunner.privateRun(SuiteRunner.java:373)
	at org.testng.SuiteRunner.run(SuiteRunner.java:312)
	at org.testng.SuiteRunnerWorker.runSuite(SuiteRunnerWorker.java:52)
	at org.testng.SuiteRunnerWorker.run(SuiteRunnerWorker.java:95)
	at org.testng.TestNG.runSuitesSequentially(TestNG.java:1274)
	at org.testng.TestNG.runSuitesLocally(TestNG.java:1208)
	at org.testng.TestNG.runSuites(TestNG.java:1112)
	at org.testng.TestNG.run(TestNG.java:1079)
	at org.apache.maven.surefire.testng.TestNGExecutor.run(TestNGExecutor.java:308)
	at org.apache.maven.surefire.testng.TestNGXmlTestSuite.execute(TestNGXmlTestSuite.java:71)
	at org.apache.maven.surefire.testng.TestNGProvider.invoke(TestNGProvider.java:113)
	at org.apache.maven.surefire.booter.ForkedBooter.runSuitesInProcess(ForkedBooter.java:385)
	at org.apache.maven.surefire.booter.ForkedBooter.execute(ForkedBooter.java:162)
	at org.apache.maven.surefire.booter.ForkedBooter.run(ForkedBooter.java:507)
	at org.apache.maven.surefire.booter.ForkedBooter.main(ForkedBooter.java:495)
]]></failure>
    <system-out><![CDATA[DEBUG: HEADLESS FLAG = null
]]></system-out>
    <system-err><![CDATA[2025-11-16T00:57:35.367888300Z main INFO Starting configuration XmlConfiguration[location=C:\LaptopData\GroTechMindClass\OpencartProject\target\test-classes\log4j2.xml, lastModified=2025-10-05T07:53:00.268Z]...
2025-11-16T00:57:35.368871600Z main INFO Configuration XmlConfiguration[location=C:\LaptopData\GroTechMindClass\OpencartProject\target\test-classes\log4j2.xml, lastModified=2025-10-05T07:53:00.268Z] started.
2025-11-16T00:57:35.371873200Z main INFO Stopping configuration org.apache.logging.log4j.core.config.DefaultConfiguration@72f926e6...
2025-11-16T00:57:35.372872600Z main INFO Configuration org.apache.logging.log4j.core.config.DefaultConfiguration@72f926e6 stopped.
]]></system-err>
  </testcase>
  <testcase name="verify_Login" classname="testcases.TC002_LoginTest" time="0.0">
    <skipped message="Unsupported browser: ${browser}"/>
  </testcase>
  <testcase name="setup[Windows, ${browser}](0)" classname="testcases.TC001_AccountRegistrationTest" time="0.022">
    <failure message="Unsupported browser: ${browser}" type="java.lang.IllegalArgumentException"><![CDATA[java.lang.IllegalArgumentException: Unsupported browser: ${browser}
	at factory.DriverFactory.initDriver(DriverFactory.java:71)
	at testBase.BaseClass.setup(BaseClass.java:48)
	at java.base/jdk.internal.reflect.DirectMethodHandleAccessor.invoke(DirectMethodHandleAccessor.java:103)
	at java.base/java.lang.reflect.Method.invoke(Method.java:580)
	at org.testng.internal.invokers.MethodInvocationHelper.invokeMethod(MethodInvocationHelper.java:141)
	at org.testng.internal.invokers.MethodInvocationHelper.invokeMethodConsideringTimeout(MethodInvocationHelper.java:71)
	at org.testng.internal.invokers.ConfigInvoker.invokeConfigurationMethod(ConfigInvoker.java:400)
	at org.testng.internal.invokers.ConfigInvoker.invokeConfigurations(ConfigInvoker.java:333)
	at org.testng.internal.invokers.TestMethodWorker.invokeBeforeClassMethods(TestMethodWorker.java:188)
	at org.testng.internal.invokers.TestMethodWorker.run(TestMethodWorker.java:128)
	at java.base/java.util.ArrayList.forEach(ArrayList.java:1596)
	at org.testng.TestRunner.privateRun(TestRunner.java:741)
	at org.testng.TestRunner.run(TestRunner.java:616)
	at org.testng.SuiteRunner.runTest(SuiteRunner.java:421)
	at org.testng.SuiteRunner.runSequentially(SuiteRunner.java:413)
	at org.testng.SuiteRunner.privateRun(SuiteRunner.java:373)
	at org.testng.SuiteRunner.run(SuiteRunner.java:312)
	at org.testng.SuiteRunnerWorker.runSuite(SuiteRunnerWorker.java:52)
	at org.testng.SuiteRunnerWorker.run(SuiteRunnerWorker.java:95)
	at org.testng.TestNG.runSuitesSequentially(TestNG.java:1274)
	at org.testng.TestNG.runSuitesLocally(TestNG.java:1208)
	at org.testng.TestNG.runSuites(TestNG.java:1112)
	at org.testng.TestNG.run(TestNG.java:1079)
	at org.apache.maven.surefire.testng.TestNGExecutor.run(TestNGExecutor.java:308)
	at org.apache.maven.surefire.testng.TestNGXmlTestSuite.execute(TestNGXmlTestSuite.java:71)
	at org.apache.maven.surefire.testng.TestNGProvider.invoke(TestNGProvider.java:113)
	at org.apache.maven.surefire.booter.ForkedBooter.runSuitesInProcess(ForkedBooter.java:385)
	at org.apache.maven.surefire.booter.ForkedBooter.execute(ForkedBooter.java:162)
	at org.apache.maven.surefire.booter.ForkedBooter.run(ForkedBooter.java:507)
	at org.apache.maven.surefire.booter.ForkedBooter.main(ForkedBooter.java:495)
]]></failure>
    <system-out><![CDATA[DEBUG: HEADLESS FLAG = null
]]></system-out>
  </testcase>
  <testcase name="verify_Account_Registration" classname="testcases.TC001_AccountRegistrationTest" time="0.0">
    <skipped message="Unsupported browser: ${browser}"/>
  </testcase>
  <testcase name="setup[Windows, ${browser}](0)" classname="testcases.TC003_LoginDDT_Test" time="0.006">
    <failure message="Unsupported browser: ${browser}" type="java.lang.IllegalArgumentException"><![CDATA[java.lang.IllegalArgumentException: Unsupported browser: ${browser}
	at factory.DriverFactory.initDriver(DriverFactory.java:71)
	at testBase.BaseClass.setup(BaseClass.java:48)
	at java.base/jdk.internal.reflect.DirectMethodHandleAccessor.invoke(DirectMethodHandleAccessor.java:103)
	at java.base/java.lang.reflect.Method.invoke(Method.java:580)
	at org.testng.internal.invokers.MethodInvocationHelper.invokeMethod(MethodInvocationHelper.java:141)
	at org.testng.internal.invokers.MethodInvocationHelper.invokeMethodConsideringTimeout(MethodInvocationHelper.java:71)
	at org.testng.internal.invokers.ConfigInvoker.invokeConfigurationMethod(ConfigInvoker.java:400)
	at org.testng.internal.invokers.ConfigInvoker.invokeConfigurations(ConfigInvoker.java:333)
	at org.testng.internal.invokers.TestMethodWorker.invokeBeforeClassMethods(TestMethodWorker.java:188)
	at org.testng.internal.invokers.TestMethodWorker.run(TestMethodWorker.java:128)
	at java.base/java.util.ArrayList.forEach(ArrayList.java:1596)
	at org.testng.TestRunner.privateRun(TestRunner.java:741)
	at org.testng.TestRunner.run(TestRunner.java:616)
	at org.testng.SuiteRunner.runTest(SuiteRunner.java:421)
	at org.testng.SuiteRunner.runSequentially(SuiteRunner.java:413)
	at org.testng.SuiteRunner.privateRun(SuiteRunner.java:373)
	at org.testng.SuiteRunner.run(SuiteRunner.java:312)
	at org.testng.SuiteRunnerWorker.runSuite(SuiteRunnerWorker.java:52)
	at org.testng.SuiteRunnerWorker.run(SuiteRunnerWorker.java:95)
	at org.testng.TestNG.runSuitesSequentially(TestNG.java:1274)
	at org.testng.TestNG.runSuitesLocally(TestNG.java:1208)
	at org.testng.TestNG.runSuites(TestNG.java:1112)
	at org.testng.TestNG.run(TestNG.java:1079)
	at org.apache.maven.surefire.testng.TestNGExecutor.run(TestNGExecutor.java:308)
	at org.apache.maven.surefire.testng.TestNGXmlTestSuite.execute(TestNGXmlTestSuite.java:71)
	at org.apache.maven.surefire.testng.TestNGProvider.invoke(TestNGProvider.java:113)
	at org.apache.maven.surefire.booter.ForkedBooter.runSuitesInProcess(ForkedBooter.java:385)
	at org.apache.maven.surefire.booter.ForkedBooter.execute(ForkedBooter.java:162)
	at org.apache.maven.surefire.booter.ForkedBooter.run(ForkedBooter.java:507)
	at org.apache.maven.surefire.booter.ForkedBooter.main(ForkedBooter.java:495)
]]></failure>
    <system-out><![CDATA[DEBUG: HEADLESS FLAG = null
]]></system-out>
  </testcase>
  <testcase name="verify_LoginDDT[maheshholkar14@gmail.com, 12345, Valid](1)" classname="testcases.TC003_LoginDDT_Test" time="0.0">
    <skipped message="Unsupported browser: ${browser}"/>
  </testcase>
  <testcase name="verify_LoginDDT[maheshpatil34@gmail.com, 12345, Valid](2)" classname="testcases.TC003_LoginDDT_Test" time="0.0">
    <skipped message="Unsupported browser: ${browser}"/>
  </testcase>
  <testcase name="verify_LoginDDT[sangramnarale@gmail.com, 12345, Valid](3)" classname="testcases.TC003_LoginDDT_Test" time="0.0">
    <skipped message="Unsupported browser: ${browser}"/>
  </testcase>
  <testcase name="verify_LoginDDT[labsfsdfgs434@yahoo.com, XFDSF@435, Invalid](4)" classname="testcases.TC003_LoginDDT_Test" time="0.0">
    <skipped message="Unsupported browser: ${browser}"/>
  </testcase>
  <testcase name="verify_LoginDDT[rw243324234324@gmdsfd.fds, 243423, Invalid](5)" classname="testcases.TC003_LoginDDT_Test" time="0.0">
    <skipped message="Unsupported browser: ${browser}"/>
  </testcase>
</testsuite>