<?xml version="1.0" encoding="UTF-8"?>
<testng-results ignored="0" total="7" passed="7" failed="0" skipped="0">
  <reporter-output>
  </reporter-output>
  <suite started-at="2025-10-27T12:43:34 IST" name="Suite" finished-at="2025-10-27T12:44:51 IST" duration-ms="76865">
    <groups>
      <group name="Master">
        <method signature="TC001_AccountRegistrationTest.verify_Account_Registration()[pri:0, instance:testcases.TC001_AccountRegistrationTest@2262b621]" name="verify_Account_Registration" class="testcases.TC001_AccountRegistrationTest"/>
        <method signature="TC_002_LoginTest.verify_Login()[pri:0, instance:testcases.TC_002_LoginTest@57eda880]" name="verify_Login" class="testcases.TC_002_LoginTest"/>
      </group> <!-- Master -->
      <group name="Sanity">
        <method signature="TC_002_LoginTest.verify_Login()[pri:0, instance:testcases.TC_002_LoginTest@57eda880]" name="verify_Login" class="testcases.TC_002_LoginTest"/>
      </group> <!-- Sanity -->
      <group name="Regression">
        <method signature="TC001_AccountRegistrationTest.verify_Account_Registration()[pri:0, instance:testcases.TC001_AccountRegistrationTest@2262b621]" name="verify_Account_Registration" class="testcases.TC001_AccountRegistrationTest"/>
      </group> <!-- Regression -->
      <group name="Datadriven">
        <method signature="TC003_LoginDDT_Test.verify_LoginDDT(java.lang.String,java.lang.String,java.lang.String)[pri:0, instance:testcases.TC003_LoginDDT_Test@7e928e2f]" name="verify_LoginDDT" class="testcases.TC003_LoginDDT_Test"/>
      </group> <!-- Datadriven -->
    </groups>
    <test started-at="2025-10-27T12:43:34 IST" name="Test" finished-at="2025-10-27T12:44:51 IST" duration-ms="76865">
      <class name="testcases.TC001_AccountRegistrationTest">
        <test-method is-config="true" signature="setup(java.lang.String,java.lang.String)[pri:0, instance:testcases.TC001_AccountRegistrationTest@2262b621]" started-at="2025-10-27T12:43:44 IST" name="setup" finished-at="2025-10-27T12:43:48 IST" duration-ms="3992" status="PASS">
          <params>
            <param index="0">
              <value>
                <![CDATA[Windows]]>
              </value>
            </param>
            <param index="1">
              <value>
                <![CDATA[chrome]]>
              </value>
            </param>
          </params>
          <reporter-output>
          </reporter-output>
        </test-method> <!-- setup -->
        <test-method signature="verify_Account_Registration()[pri:0, instance:testcases.TC001_AccountRegistrationTest@2262b621]" started-at="2025-10-27T12:43:48 IST" name="verify_Account_Registration" finished-at="2025-10-27T12:43:51 IST" duration-ms="3336" status="PASS">
          <reporter-output>
          </reporter-output>
        </test-method> <!-- verify_Account_Registration -->
        <test-method is-config="true" signature="tearDown()[pri:0, instance:testcases.TC001_AccountRegistrationTest@2262b621]" started-at="2025-10-27T12:43:51 IST" name="tearDown" finished-at="2025-10-27T12:43:51 IST" duration-ms="256" status="PASS">
          <reporter-output>
          </reporter-output>
        </test-method> <!-- tearDown -->
      </class> <!-- testcases.TC001_AccountRegistrationTest -->
      <class name="testcases.TC_002_LoginTest">
        <test-method is-config="true" signature="setup(java.lang.String,java.lang.String)[pri:0, instance:testcases.TC_002_LoginTest@57eda880]" started-at="2025-10-27T12:43:35 IST" name="setup" finished-at="2025-10-27T12:43:41 IST" duration-ms="5647" status="PASS">
          <params>
            <param index="0">
              <value>
                <![CDATA[Windows]]>
              </value>
            </param>
            <param index="1">
              <value>
                <![CDATA[chrome]]>
              </value>
            </param>
          </params>
          <reporter-output>
          </reporter-output>
        </test-method> <!-- setup -->
        <test-method signature="verify_Login()[pri:0, instance:testcases.TC_002_LoginTest@57eda880]" started-at="2025-10-27T12:43:41 IST" name="verify_Login" finished-at="2025-10-27T12:43:43 IST" duration-ms="2606" status="PASS">
          <reporter-output>
          </reporter-output>
        </test-method> <!-- verify_Login -->
        <test-method is-config="true" signature="tearDown()[pri:0, instance:testcases.TC_002_LoginTest@57eda880]" started-at="2025-10-27T12:43:43 IST" name="tearDown" finished-at="2025-10-27T12:43:44 IST" duration-ms="497" status="PASS">
          <reporter-output>
          </reporter-output>
        </test-method> <!-- tearDown -->
      </class> <!-- testcases.TC_002_LoginTest -->
      <class name="testcases.TC003_LoginDDT_Test">
        <test-method is-config="true" signature="setup(java.lang.String,java.lang.String)[pri:0, instance:testcases.TC003_LoginDDT_Test@7e928e2f]" started-at="2025-10-27T12:43:51 IST" name="setup" finished-at="2025-10-27T12:43:56 IST" duration-ms="4174" status="PASS">
          <params>
            <param index="0">
              <value>
                <![CDATA[Windows]]>
              </value>
            </param>
            <param index="1">
              <value>
                <![CDATA[chrome]]>
              </value>
            </param>
          </params>
          <reporter-output>
          </reporter-output>
        </test-method> <!-- setup -->
        <test-method signature="verify_LoginDDT(java.lang.String,java.lang.String,java.lang.String)[pri:0, instance:testcases.TC003_LoginDDT_Test@7e928e2f]" started-at="2025-10-27T12:43:58 IST" name="verify_LoginDDT" data-provider="LoginData" finished-at="2025-10-27T12:44:02 IST" duration-ms="3310" status="PASS">
          <params>
            <param index="0">
              <value>
                <![CDATA[maheshholkar14@gmail.com]]>
              </value>
            </param>
            <param index="1">
              <value>
                <![CDATA[12345]]>
              </value>
            </param>
            <param index="2">
              <value>
                <![CDATA[Valid]]>
              </value>
            </param>
          </params>
          <reporter-output>
          </reporter-output>
        </test-method> <!-- verify_LoginDDT -->
        <test-method signature="verify_LoginDDT(java.lang.String,java.lang.String,java.lang.String)[pri:0, instance:testcases.TC003_LoginDDT_Test@7e928e2f]" started-at="2025-10-27T12:44:02 IST" name="verify_LoginDDT" data-provider="LoginData" finished-at="2025-10-27T12:44:04 IST" duration-ms="2665" status="PASS">
          <params>
            <param index="0">
              <value>
                <![CDATA[maheshpatil34@gmail.com]]>
              </value>
            </param>
            <param index="1">
              <value>
                <![CDATA[12345]]>
              </value>
            </param>
            <param index="2">
              <value>
                <![CDATA[Valid]]>
              </value>
            </param>
          </params>
          <reporter-output>
          </reporter-output>
        </test-method> <!-- verify_LoginDDT -->
        <test-method signature="verify_LoginDDT(java.lang.String,java.lang.String,java.lang.String)[pri:0, instance:testcases.TC003_LoginDDT_Test@7e928e2f]" started-at="2025-10-27T12:44:04 IST" name="verify_LoginDDT" data-provider="LoginData" finished-at="2025-10-27T12:44:07 IST" duration-ms="2888" status="PASS">
          <params>
            <param index="0">
              <value>
                <![CDATA[sangramnarale@gmail.com]]>
              </value>
            </param>
            <param index="1">
              <value>
                <![CDATA[12345]]>
              </value>
            </param>
            <param index="2">
              <value>
                <![CDATA[Valid]]>
              </value>
            </param>
          </params>
          <reporter-output>
          </reporter-output>
        </test-method> <!-- verify_LoginDDT -->
        <test-method signature="verify_LoginDDT(java.lang.String,java.lang.String,java.lang.String)[pri:0, instance:testcases.TC003_LoginDDT_Test@7e928e2f]" started-at="2025-10-27T12:44:07 IST" name="verify_LoginDDT" data-provider="LoginData" finished-at="2025-10-27T12:44:29 IST" duration-ms="22136" status="PASS">
          <params>
            <param index="0">
              <value>
                <![CDATA[labsfsdfgs434@yahoo.com]]>
              </value>
            </param>
            <param index="1">
              <value>
                <![CDATA[XFDSF@435]]>
              </value>
            </param>
            <param index="2">
              <value>
                <![CDATA[Invalid]]>
              </value>
            </param>
          </params>
          <reporter-output>
          </reporter-output>
        </test-method> <!-- verify_LoginDDT -->
        <test-method signature="verify_LoginDDT(java.lang.String,java.lang.String,java.lang.String)[pri:0, instance:testcases.TC003_LoginDDT_Test@7e928e2f]" started-at="2025-10-27T12:44:29 IST" name="verify_LoginDDT" data-provider="LoginData" finished-at="2025-10-27T12:44:51 IST" duration-ms="21644" status="PASS">
          <params>
            <param index="0">
              <value>
                <![CDATA[rw243324234324@gmdsfd.fds]]>
              </value>
            </param>
            <param index="1">
              <value>
                <![CDATA[243423]]>
              </value>
            </param>
            <param index="2">
              <value>
                <![CDATA[Invalid]]>
              </value>
            </param>
          </params>
          <reporter-output>
          </reporter-output>
        </test-method> <!-- verify_LoginDDT -->
        <test-method is-config="true" signature="tearDown()[pri:0, instance:testcases.TC003_LoginDDT_Test@7e928e2f]" started-at="2025-10-27T12:44:51 IST" name="tearDown" finished-at="2025-10-27T12:44:51 IST" duration-ms="395" status="PASS">
          <reporter-output>
          </reporter-output>
        </test-method> <!-- tearDown -->
      </class> <!-- testcases.TC003_LoginDDT_Test -->
    </test> <!-- Test -->
  </suite> <!-- Suite -->
</testng-results>
