<?xml version="1.0" encoding="UTF-8"?>
<testsuite xmlns:xsi="http://www.w3.org/2001/XMLSchema-instance" xsi:noNamespaceSchemaLocation="https://maven.apache.org/surefire/maven-surefire-plugin/xsd/surefire-test-report.xsd" version="3.0.2" name="TestSuite" time="66.842" tests="7" errors="0" skipped="0" failures="0">
  <properties>
[...]
</properties>
  <testcase name="verify_Login" classname="testcases.TC002_LoginTest" time="2.51">
    <system-out><![CDATA[DEBUG: HEADLESS FLAG = null
]]></system-out>
    <system-err><![CDATA[2025-11-16T03:25:00.523080300Z main INFO Starting configuration XmlConfiguration[location=C:\LaptopData\GroTechMindClass\OpencartProject\target\test-classes\log4j2.xml, lastModified=2025-10-05T07:53:00.268Z]...
2025-11-16T03:25:00.525068400Z main INFO Configuration XmlConfiguration[location=C:\LaptopData\GroTechMindClass\OpencartProject\target\test-classes\log4j2.xml, lastModified=2025-10-05T07:53:00.268Z] started.
2025-11-16T03:25:00.526082200Z main INFO Stopping configuration org.apache.logging.log4j.core.config.DefaultConfiguration@72f926e6...
2025-11-16T03:25:00.527070400Z main INFO Configuration org.apache.logging.log4j.core.config.DefaultConfiguration@72f926e6 stopped.
]]></system-err>
  </testcase>
  <testcase name="verify_Account_Registration" classname="testcases.TC001_AccountRegistrationTest" time="3.173">
    <system-out><![CDATA[DEBUG: HEADLESS FLAG = null
]]></system-out>
  </testcase>
  <testcase name="verify_LoginDDT[maheshholkar14@gmail.com, 12345, Valid](1)" classname="testcases.TC003_LoginDDT_Test" time="3.915">
    <system-out><![CDATA[DEBUG: HEADLESS FLAG = null
]]></system-out>
  </testcase>
  <testcase name="verify_LoginDDT[maheshpatil34@gmail.com, 12345, Valid](2)" classname="testcases.TC003_LoginDDT_Test" time="2.852"/>
  <testcase name="verify_LoginDDT[sangramnarale@gmail.com, 12345, Valid](3)" classname="testcases.TC003_LoginDDT_Test" time="3.703"/>
  <testcase name="verify_LoginDDT[labsfsdfgs434@yahoo.com, XFDSF@435, Invalid](4)" classname="testcases.TC003_LoginDDT_Test" time="17.484"/>
  <testcase name="verify_LoginDDT[rw243324234324@gmdsfd.fds, 243423, Invalid](5)" classname="testcases.TC003_LoginDDT_Test" time="15.927"/>
</testsuite>