<?xml version="1.0" encoding="UTF-8"?>
<testng-results ignored="0" total="7" passed="7" failed="0" skipped="0">
  <reporter-output>
  </reporter-output>
  <suite started-at="2025-11-16T08:50:58 IST" name="Suite" finished-at="2025-11-16T08:52:13 IST" duration-ms="75294">
    <groups>
      <group name="Master">
        <method signature="TC001_AccountRegistrationTest.verify_Account_Registration()[pri:0, instance:testcases.TC001_AccountRegistrationTest@1c33c17b]" name="verify_Account_Registration" class="testcases.TC001_AccountRegistrationTest"/>
        <method signature="TC002_LoginTest.verify_Login()[pri:0, instance:testcases.TC002_LoginTest@30e868be]" name="verify_Login" class="testcases.TC002_LoginTest"/>
      </group> <!-- Master -->
      <group name="Sanity">
        <method signature="TC002_LoginTest.verify_Login()[pri:0, instance:testcases.TC002_LoginTest@30e868be]" name="verify_Login" class="testcases.TC002_LoginTest"/>
      </group> <!-- Sanity -->
      <group name="Regression">
        <method signature="TC001_AccountRegistrationTest.verify_Account_Registration()[pri:0, instance:testcases.TC001_AccountRegistrationTest@1c33c17b]" name="verify_Account_Registration" class="testcases.TC001_AccountRegistrationTest"/>
      </group> <!-- Regression -->
      <group name="Datadriven">
        <method signature="TC003_LoginDDT_Test.verify_LoginDDT(java.lang.String,java.lang.String,java.lang.String)[pri:0, instance:testcases.TC003_LoginDDT_Test@5bf0fe62]" name="verify_LoginDDT" class="testcases.TC003_LoginDDT_Test"/>
      </group> <!-- Datadriven -->
    </groups>
    <test started-at="2025-11-16T08:50:58 IST" name="Test" finished-at="2025-11-16T08:52:13 IST" duration-ms="75294">
      <class name="testcases.TC001_AccountRegistrationTest">
        <test-method is-config="true" signature="setup(java.lang.String,java.lang.String)[pri:0, instance:testcases.TC001_AccountRegistrationTest@1c33c17b]" started-at="2025-11-16T08:51:14 IST" name="setup" finished-at="2025-11-16T08:51:18 IST" duration-ms="4083" status="PASS">
          <params>
            <param index="0">
              <value>
                <![CDATA[Windows]]>
              </value>
            </param>
            <param index="1">
              <value>
                <![CDATA[chrome]]>
              </value>
            </param>
          </params>
          <reporter-output>
          </reporter-output>
        </test-method> <!-- setup -->
        <test-method signature="verify_Account_Registration()[pri:0, instance:testcases.TC001_AccountRegistrationTest@1c33c17b]" started-at="2025-11-16T08:51:18 IST" name="verify_Account_Registration" finished-at="2025-11-16T08:51:22 IST" duration-ms="4046" status="PASS">
          <reporter-output>
          </reporter-output>
        </test-method> <!-- verify_Account_Registration -->
        <test-method is-config="true" signature="tearDown()[pri:0, instance:testcases.TC001_AccountRegistrationTest@1c33c17b]" started-at="2025-11-16T08:51:22 IST" name="tearDown" finished-at="2025-11-16T08:51:22 IST" duration-ms="432" status="PASS">
          <reporter-output>
          </reporter-output>
        </test-method> <!-- tearDown -->
      </class> <!-- testcases.TC001_AccountRegistrationTest -->
      <class name="testcases.TC002_LoginTest">
        <test-method is-config="true" signature="setup(java.lang.String,java.lang.String)[pri:0, instance:testcases.TC002_LoginTest@30e868be]" started-at="2025-11-16T08:50:58 IST" name="setup" finished-at="2025-11-16T08:51:11 IST" duration-ms="12661" status="PASS">
          <params>
            <param index="0">
              <value>
                <![CDATA[Windows]]>
              </value>
            </param>
            <param index="1">
              <value>
                <![CDATA[chrome]]>
              </value>
            </param>
          </params>
          <reporter-output>
          </reporter-output>
        </test-method> <!-- setup -->
        <test-method signature="verify_Login()[pri:0, instance:testcases.TC002_LoginTest@30e868be]" started-at="2025-11-16T08:51:11 IST" name="verify_Login" finished-at="2025-11-16T08:51:13 IST" duration-ms="2749" status="PASS">
          <reporter-output>
          </reporter-output>
        </test-method> <!-- verify_Login -->
        <test-method is-config="true" signature="tearDown()[pri:0, instance:testcases.TC002_LoginTest@30e868be]" started-at="2025-11-16T08:51:13 IST" name="tearDown" finished-at="2025-11-16T08:51:14 IST" duration-ms="348" status="PASS">
          <reporter-output>
          </reporter-output>
        </test-method> <!-- tearDown -->
      </class> <!-- testcases.TC002_LoginTest -->
      <class name="testcases.TC003_LoginDDT_Test">
        <test-method is-config="true" signature="setup(java.lang.String,java.lang.String)[pri:0, instance:testcases.TC003_LoginDDT_Test@5bf0fe62]" started-at="2025-11-16T08:51:22 IST" name="setup" finished-at="2025-11-16T08:51:27 IST" duration-ms="4664" status="PASS">
          <params>
            <param index="0">
              <value>
                <![CDATA[Windows]]>
              </value>
            </param>
            <param index="1">
              <value>
                <![CDATA[chrome]]>
              </value>
            </param>
          </params>
          <reporter-output>
          </reporter-output>
        </test-method> <!-- setup -->
        <test-method signature="verify_LoginDDT(java.lang.String,java.lang.String,java.lang.String)[pri:0, instance:testcases.TC003_LoginDDT_Test@5bf0fe62]" started-at="2025-11-16T08:51:29 IST" name="verify_LoginDDT" data-provider="LoginData" finished-at="2025-11-16T08:51:32 IST" duration-ms="2613" status="PASS">
          <params>
            <param index="0">
              <value>
                <![CDATA[maheshholkar14@gmail.com]]>
              </value>
            </param>
            <param index="1">
              <value>
                <![CDATA[12345]]>
              </value>
            </param>
            <param index="2">
              <value>
                <![CDATA[Valid]]>
              </value>
            </param>
          </params>
          <reporter-output>
          </reporter-output>
        </test-method> <!-- verify_LoginDDT -->
        <test-method signature="verify_LoginDDT(java.lang.String,java.lang.String,java.lang.String)[pri:0, instance:testcases.TC003_LoginDDT_Test@5bf0fe62]" started-at="2025-11-16T08:51:32 IST" name="verify_LoginDDT" data-provider="LoginData" finished-at="2025-11-16T08:51:34 IST" duration-ms="2332" status="PASS">
          <params>
            <param index="0">
              <value>
                <![CDATA[maheshpatil34@gmail.com]]>
              </value>
            </param>
            <param index="1">
              <value>
                <![CDATA[12345]]>
              </value>
            </param>
            <param index="2">
              <value>
                <![CDATA[Valid]]>
              </value>
            </param>
          </params>
          <reporter-output>
          </reporter-output>
        </test-method> <!-- verify_LoginDDT -->
        <test-method signature="verify_LoginDDT(java.lang.String,java.lang.String,java.lang.String)[pri:0, instance:testcases.TC003_LoginDDT_Test@5bf0fe62]" started-at="2025-11-16T08:51:34 IST" name="verify_LoginDDT" data-provider="LoginData" finished-at="2025-11-16T08:51:38 IST" duration-ms="3159" status="PASS">
          <params>
            <param index="0">
              <value>
                <![CDATA[sangramnarale@gmail.com]]>
              </value>
            </param>
            <param index="1">
              <value>
                <![CDATA[12345]]>
              </value>
            </param>
            <param index="2">
              <value>
                <![CDATA[Valid]]>
              </value>
            </param>
          </params>
          <reporter-output>
          </reporter-output>
        </test-method> <!-- verify_LoginDDT -->
        <test-method signature="verify_LoginDDT(java.lang.String,java.lang.String,java.lang.String)[pri:0, instance:testcases.TC003_LoginDDT_Test@5bf0fe62]" started-at="2025-11-16T08:51:38 IST" name="verify_LoginDDT" data-provider="LoginData" finished-at="2025-11-16T08:51:55 IST" duration-ms="17127" status="PASS">
          <params>
            <param index="0">
              <value>
                <![CDATA[labsfsdfgs434@yahoo.com]]>
              </value>
            </param>
            <param index="1">
              <value>
                <![CDATA[XFDSF@435]]>
              </value>
            </param>
            <param index="2">
              <value>
                <![CDATA[Invalid]]>
              </value>
            </param>
          </params>
          <reporter-output>
          </reporter-output>
        </test-method> <!-- verify_LoginDDT -->
        <test-method signature="verify_LoginDDT(java.lang.String,java.lang.String,java.lang.String)[pri:0, instance:testcases.TC003_LoginDDT_Test@5bf0fe62]" started-at="2025-11-16T08:51:55 IST" name="verify_LoginDDT" data-provider="LoginData" finished-at="2025-11-16T08:52:13 IST" duration-ms="18064" status="PASS">
          <params>
            <param index="0">
              <value>
                <![CDATA[rw243324234324@gmdsfd.fds]]>
              </value>
            </param>
            <param index="1">
              <value>
                <![CDATA[243423]]>
              </value>
            </param>
            <param index="2">
              <value>
                <![CDATA[Invalid]]>
              </value>
            </param>
          </params>
          <reporter-output>
          </reporter-output>
        </test-method> <!-- verify_LoginDDT -->
        <test-method is-config="true" signature="tearDown()[pri:0, instance:testcases.TC003_LoginDDT_Test@5bf0fe62]" started-at="2025-11-16T08:52:13 IST" name="tearDown" finished-at="2025-11-16T08:52:13 IST" duration-ms="406" status="PASS">
          <reporter-output>
          </reporter-output>
        </test-method> <!-- tearDown -->
      </class> <!-- testcases.TC003_LoginDDT_Test -->
    </test> <!-- Test -->
  </suite> <!-- Suite -->
</testng-results>
