<?xml version="1.0" encoding="UTF-8"?>
<!-- Generated by org.testng.reporters.JUnitReportReporter -->
<testsuite hostname="Mahesh" failures="0" tests="5" name="testcases.TC003_LoginDDT_Test" time="51.845" errors="0" timestamp="2025-11-14T19:23:05 IST" skipped="0">
  <testcase classname="testcases.TC003_LoginDDT_Test" name="verify_LoginDDT" time="16.594"/>
  <testcase classname="testcases.TC003_LoginDDT_Test" name="verify_LoginDDT" time="4.376"/>
  <testcase classname="testcases.TC003_LoginDDT_Test" name="verify_LoginDDT" time="3.237"/>
  <testcase classname="testcases.TC003_LoginDDT_Test" name="verify_LoginDDT" time="19.806"/>
  <testcase classname="testcases.TC003_LoginDDT_Test" name="verify_LoginDDT" time="7.832"/>
</testsuite> <!-- testcases.TC003_LoginDDT_Test -->
