<?xml version="1.0" encoding="UTF-8"?>
<!-- Generated by org.testng.reporters.JUnitReportReporter -->
<testsuite hostname="Mahesh" failures="0" tests="5" name="testcases.TC003_LoginDDT_Test" time="61.792" errors="0" timestamp="2025-11-14T20:56:08 IST" skipped="0">
  <testcase classname="testcases.TC003_LoginDDT_Test" name="verify_LoginDDT" time="19.149"/>
  <testcase classname="testcases.TC003_LoginDDT_Test" name="verify_LoginDDT" time="10.833"/>
  <testcase classname="testcases.TC003_LoginDDT_Test" name="verify_LoginDDT" time="18.541"/>
  <testcase classname="testcases.TC003_LoginDDT_Test" name="verify_LoginDDT" time="7.759"/>
  <testcase classname="testcases.TC003_LoginDDT_Test" name="verify_LoginDDT" time="5.510"/>
</testsuite> <!-- testcases.TC003_LoginDDT_Test -->
